OpenROAD 7c85c140308f01b73f57ea1117f3e43f39abd437 
This program is licensed under the BSD-3 license. See the LICENSE file for details.
Components of this program may be licensed under more restrictive licenses which must be honored.
[INFO ODB-0222] Reading LEF file: /home/mm4uz/asic/gf180-shuttle-0/submission/gf180-mul-8-seq/openlane/wrapped_multiplier_8/runs/22_12_05_14_45/tmp/merged.nom.lef
[INFO ODB-0223]     Created 13 technology layers
[INFO ODB-0224]     Created 60 technology vias
[INFO ODB-0225]     Created 229 library cells
[INFO ODB-0226] Finished LEF file:  /home/mm4uz/asic/gf180-shuttle-0/submission/gf180-mul-8-seq/openlane/wrapped_multiplier_8/runs/22_12_05_14_45/tmp/merged.nom.lef
[INFO ODB-0127] Reading DEF file: /home/mm4uz/asic/gf180-shuttle-0/submission/gf180-mul-8-seq/openlane/wrapped_multiplier_8/runs/22_12_05_14_45/results/routing/wrapped_multiplier_8.def
[INFO ODB-0128] Design: wrapped_multiplier_8
[INFO ODB-0130]     Created 118 pins.
[INFO ODB-0131]     Created 2423 components and 4922 component-terminals.
[INFO ODB-0132]     Created 2 special nets and 4846 connections.
[INFO ODB-0133]     Created 116 nets and 76 connections.
[INFO ODB-0134] Finished DEF file: /home/mm4uz/asic/gf180-shuttle-0/submission/gf180-mul-8-seq/openlane/wrapped_multiplier_8/runs/22_12_05_14_45/results/routing/wrapped_multiplier_8.def
Using RCX ruleset '/localtmp/asic/gf180/pdk//gf180mcuC/libs.tech/openlane/rules.openrcx.gf180mcuC.nom'...
[INFO RCX-0431] Defined process_corner X with ext_model_index 0
[INFO RCX-0029] Defined extraction corner X
[INFO RCX-0008] extracting parasitics of wrapped_multiplier_8 ...
[INFO RCX-0435] Reading extraction model file /localtmp/asic/gf180/pdk//gf180mcuC/libs.tech/openlane/rules.openrcx.gf180mcuC.nom ...
[INFO RCX-0436] RC segment generation wrapped_multiplier_8 (max_merge_res 50.0) ...
[INFO RCX-0040] Final 76 rc segments
[INFO RCX-0439] Coupling Cap extraction wrapped_multiplier_8 ...
[INFO RCX-0440] Coupling threshhold is 0.1000 fF, coupling capacitance less than 0.1000 fF will be grounded.
[INFO RCX-0043] 244 wires to be extracted
[INFO RCX-0442] 62% completion -- 153 wires have been extracted
[INFO RCX-0442] 100% completion -- 244 wires have been extracted
[INFO RCX-0045] Extract 116 nets, 152 rsegs, 152 caps, 5 ccs
[INFO RCX-0015] Finished extracting wrapped_multiplier_8.
Writing result to /home/mm4uz/asic/gf180-shuttle-0/submission/gf180-mul-8-seq/openlane/wrapped_multiplier_8/runs/22_12_05_14_45/results/routing/mca/process_corner_nom/wrapped_multiplier_8.spef...
Setting global connections for newly added cells...
[WARNING] Did not save OpenROAD database!
Writing extracted parasitics to /home/mm4uz/asic/gf180-shuttle-0/submission/gf180-mul-8-seq/openlane/wrapped_multiplier_8/runs/22_12_05_14_45/results/routing/mca/process_corner_nom/wrapped_multiplier_8.spef...
[INFO RCX-0016] Writing SPEF ...
[INFO RCX-0443] 116 nets finished
[INFO RCX-0017] Finished writing SPEF ...
