OpenROAD 7c85c140308f01b73f57ea1117f3e43f39abd437 
This program is licensed under the BSD-3 license. See the LICENSE file for details.
Components of this program may be licensed under more restrictive licenses which must be honored.
min_report

===========================================================================
report_checks -path_delay min (Hold)
============================================================================

======================= Slowest Corner ===================================

No paths found.

======================= Typical Corner ===================================

No paths found.

======================= Fastest Corner ===================================

No paths found.
min_report_end
max_report

===========================================================================
report_checks -path_delay max (Setup)
============================================================================

======================= Slowest Corner ===================================

No paths found.

======================= Typical Corner ===================================

No paths found.

======================= Fastest Corner ===================================

No paths found.
max_report_end
check_report

===========================================================================
report_checks -unconstrained
============================================================================

======================= Slowest Corner ===================================

No paths found.

======================= Typical Corner ===================================

No paths found.

======================= Fastest Corner ===================================

No paths found.

===========================================================================
report_checks --slack_max -0.01
============================================================================

======================= Slowest Corner ===================================

No paths found.

======================= Typical Corner ===================================

No paths found.

======================= Fastest Corner ===================================

No paths found.
check_report_end
check_slew

===========================================================================
 report_check_types -max_slew -max_cap -max_fanout -violators
============================================================================

======================= Slowest Corner ===================================


======================= Typical Corner ===================================


======================= Fastest Corner ===================================


===========================================================================
max slew violation count 0
max fanout violation count 0
max cap violation count 0
============================================================================
check_slew_end
tns_report

===========================================================================
 report_tns
============================================================================
tns 0.00
tns_report_end
wns_report

===========================================================================
 report_wns
============================================================================
wns 0.00
wns_report_end
worst_slack

===========================================================================
 report_worst_slack -max (Setup)
============================================================================
worst slack INF

===========================================================================
 report_worst_slack -min (Hold)
============================================================================
worst slack INF
worst_slack_end
clock_skew

===========================================================================
 report_clock_skew
============================================================================

======================== Slowest Corner ==================================

Clock wb_clk_i
No launch/capture paths found.


======================= Typical Corner ===================================

Clock wb_clk_i
No launch/capture paths found.


======================= Fastest Corner ===================================

Clock wb_clk_i
No launch/capture paths found.

clock_skew_end
power_report

===========================================================================
 report_power
============================================================================


======================= Slowest Corner =================================

Group                  Internal  Switching    Leakage      Total
                          Power      Power      Power      Power (Watts)
----------------------------------------------------------------
Sequential             0.00e+00   0.00e+00   0.00e+00   0.00e+00   0.0%
Combinational          0.00e+00   0.00e+00   1.46e-06   1.46e-06 100.0%
Macro                  0.00e+00   0.00e+00   0.00e+00   0.00e+00   0.0%
Pad                    0.00e+00   0.00e+00   0.00e+00   0.00e+00   0.0%
----------------------------------------------------------------
Total                  0.00e+00   0.00e+00   1.46e-06   1.46e-06 100.0%
                           0.0%       0.0%     100.0%

======================= Typical Corner ===================================

Group                  Internal  Switching    Leakage      Total
                          Power      Power      Power      Power (Watts)
----------------------------------------------------------------
Sequential             0.00e+00   0.00e+00   0.00e+00   0.00e+00   0.0%
Combinational          0.00e+00   0.00e+00   1.21e-07   1.21e-07 100.0%
Macro                  0.00e+00   0.00e+00   0.00e+00   0.00e+00   0.0%
Pad                    0.00e+00   0.00e+00   0.00e+00   0.00e+00   0.0%
----------------------------------------------------------------
Total                  0.00e+00   0.00e+00   1.21e-07   1.21e-07 100.0%
                           0.0%       0.0%     100.0%


======================= Fastest Corner =================================

Group                  Internal  Switching    Leakage      Total
                          Power      Power      Power      Power (Watts)
----------------------------------------------------------------
Sequential             0.00e+00   0.00e+00   0.00e+00   0.00e+00   0.0%
Combinational          0.00e+00   0.00e+00   1.47e-07   1.47e-07 100.0%
Macro                  0.00e+00   0.00e+00   0.00e+00   0.00e+00   0.0%
Pad                    0.00e+00   0.00e+00   0.00e+00   0.00e+00   0.0%
----------------------------------------------------------------
Total                  0.00e+00   0.00e+00   1.47e-07   1.47e-07 100.0%
                           0.0%       0.0%     100.0%
power_report_end
area_report

===========================================================================
 report_design_area
============================================================================
Design area 3416 u^2 4% utilization.
area_report_end
Setting global connections for newly added cells...
[WARNING] Did not save OpenROAD database!
Writing SDF files for all corners...
Writing SDF for the ff corner to /home/mm4uz/asic/gf180-shuttle-0/submission/gf180-mul-8-seq/openlane/wrapped_multiplier_8/runs/22_12_05_14_45/results/routing/mca/process_corner_nom/wrapped_multiplier_8.ff.sdf...
Writing SDF for the ss corner to /home/mm4uz/asic/gf180-shuttle-0/submission/gf180-mul-8-seq/openlane/wrapped_multiplier_8/runs/22_12_05_14_45/results/routing/mca/process_corner_nom/wrapped_multiplier_8.ss.sdf...
Writing SDF for the tt corner to /home/mm4uz/asic/gf180-shuttle-0/submission/gf180-mul-8-seq/openlane/wrapped_multiplier_8/runs/22_12_05_14_45/results/routing/mca/process_corner_nom/wrapped_multiplier_8.tt.sdf...
Writing timing models for all corners...
Writing timing models for the ff corner to /home/mm4uz/asic/gf180-shuttle-0/submission/gf180-mul-8-seq/openlane/wrapped_multiplier_8/runs/22_12_05_14_45/results/routing/mca/process_corner_nom/wrapped_multiplier_8.ff.lib...
Writing timing models for the ss corner to /home/mm4uz/asic/gf180-shuttle-0/submission/gf180-mul-8-seq/openlane/wrapped_multiplier_8/runs/22_12_05_14_45/results/routing/mca/process_corner_nom/wrapped_multiplier_8.ss.lib...
Writing timing models for the tt corner to /home/mm4uz/asic/gf180-shuttle-0/submission/gf180-mul-8-seq/openlane/wrapped_multiplier_8/runs/22_12_05_14_45/results/routing/mca/process_corner_nom/wrapped_multiplier_8.tt.lib...
