OpenROAD 7c85c140308f01b73f57ea1117f3e43f39abd437 
This program is licensed under the BSD-3 license. See the LICENSE file for details.
Components of this program may be licensed under more restrictive licenses which must be honored.
[INFO ODB-0222] Reading LEF file: /home/mm4uz/asic/gf180-shuttle-0/submission/gf180-mul-8-seq/openlane/wrapped_multiplier_8/runs/22_12_05_14_45/tmp/merged.nom.lef
[INFO ODB-0223]     Created 13 technology layers
[INFO ODB-0224]     Created 60 technology vias
[INFO ODB-0225]     Created 229 library cells
[INFO ODB-0226] Finished LEF file:  /home/mm4uz/asic/gf180-shuttle-0/submission/gf180-mul-8-seq/openlane/wrapped_multiplier_8/runs/22_12_05_14_45/tmp/merged.nom.lef
[INFO ODB-0127] Reading DEF file: /home/mm4uz/asic/gf180-shuttle-0/submission/gf180-mul-8-seq/openlane/wrapped_multiplier_8/runs/22_12_05_14_45/results/routing/wrapped_multiplier_8.def
[INFO ODB-0128] Design: wrapped_multiplier_8
[INFO ODB-0130]     Created 118 pins.
[INFO ODB-0131]     Created 2423 components and 4922 component-terminals.
[INFO ODB-0132]     Created 2 special nets and 4846 connections.
[INFO ODB-0133]     Created 116 nets and 76 connections.
[INFO ODB-0134] Finished DEF file: /home/mm4uz/asic/gf180-shuttle-0/submission/gf180-mul-8-seq/openlane/wrapped_multiplier_8/runs/22_12_05_14_45/results/routing/wrapped_multiplier_8.def
Top-level design name: wrapped_multiplier_8
Found default power net 'vdd'
Found default ground net 'vss'
Found 1 power ports.
Found 1 ground ports.
Modified power connections of 2423/2423 cells.
