OpenROAD 7c85c140308f01b73f57ea1117f3e43f39abd437 
This program is licensed under the BSD-3 license. See the LICENSE file for details.
Components of this program may be licensed under more restrictive licenses which must be honored.
[INFO]: Setting RC values...
[INFO]: Setting signal min routing layer to: Metal2 and clock min routing layer to Metal2. 
[INFO]: Setting signal max routing layer to: Metal4 and clock max routing layer to Metal4. 
[INFO GPL-0002] DBU: 2000
[INFO GPL-0003] SiteSize: 1120 7840
[INFO GPL-0004] CoreAreaLxLy: 13440 31360
[INFO GPL-0005] CoreAreaUxUy: 585760 564480
[INFO GPL-0006] NumInstances: 566
[INFO GPL-0007] NumPlaceInstances: 76
[INFO GPL-0008] NumFixedInstances: 490
[INFO GPL-0009] NumDummyInstances: 0
[INFO GPL-0010] NumNets: 116
[INFO GPL-0011] NumPins: 192
[INFO GPL-0012] DieAreaLxLy: 0 0
[INFO GPL-0013] DieAreaUxUy: 600000 600000
[INFO GPL-0014] CoreAreaLxLy: 13440 31360
[INFO GPL-0015] CoreAreaUxUy: 585760 564480
[INFO GPL-0016] CoreArea: 305115238400
[INFO GPL-0017] NonPlaceInstsArea: 8605184000
[INFO GPL-0018] PlaceInstsArea: 2669363200
[INFO GPL-0019] Util(%): 0.90
[INFO GPL-0020] StdInstsArea: 2669363200
[INFO GPL-0021] MacroInstsArea: 0
[InitialPlace]  Iter: 1 CG residual: 0.00000008 HPWL: 43271040
[InitialPlace]  Iter: 2 CG residual: 0.00000000 HPWL: 1352358
[InitialPlace]  Iter: 3 CG residual: 0.00000000 HPWL: 1352371
[InitialPlace]  Iter: 4 CG residual: 0.00000000 HPWL: 1352390
[InitialPlace]  Iter: 5 CG residual: 0.00000000 HPWL: 1352390
[INFO GPL-0031] FillerInit: NumGCells: 3798
[INFO GPL-0032] FillerInit: NumGNets: 116
[INFO GPL-0033] FillerInit: NumGPins: 192
[INFO GPL-0023] TargetDensity: 0.45
[INFO GPL-0024] AveragePlaceInstArea: 35123200
[INFO GPL-0025] IdealBinArea: 78051560
[INFO GPL-0026] IdealBinCnt: 3909
[INFO GPL-0027] TotalBinArea: 305115238400
[INFO GPL-0028] BinCnt: 32 32
[INFO GPL-0029] BinSize: 17885 16660
[INFO GPL-0030] NumBins: 1024
[NesterovSolve] Iter: 1 overflow: 0 HPWL: 2606475
[INFO GPL-0100] worst slack 1e+30
[WARNING GPL-0102] No slacks found. Timing-driven mode disabled.
[NesterovSolve] Snapshot saved at iter = 0
[INFO GPL-0075] Routability numCall: 1 inflationIterCnt: 1 bloatIterCnt: 0
[INFO GPL-0036] TileLxLy: 0 0
[INFO GPL-0037] TileSize: 16800 16800
[INFO GPL-0038] TileCnt: 35 35
[INFO GPL-0039] numRoutingLayers: 5
[INFO GPL-0040] NumTiles: 1225
[INFO GPL-0063] TotalRouteOverflowH2: 0.0
[INFO GPL-0064] TotalRouteOverflowV2: 0.0
[INFO GPL-0065] OverflowTileCnt2: 0
[INFO GPL-0066] 0.5%RC: 0.4523809552192688
[INFO GPL-0067] 1.0%RC: 0.440476194024086
[INFO GPL-0068] 2.0%RC: 0.43161094632554564
[INFO GPL-0069] 5.0%RC: 0.4236453247481379
[INFO GPL-0070] 0.5rcK: 1.0
[INFO GPL-0071] 1.0rcK: 1.0
[INFO GPL-0072] 2.0rcK: 0.0
[INFO GPL-0073] 5.0rcK: 0.0
[INFO GPL-0074] FinalRC: 0.44642857
[NesterovSolve] Finished with Overflow: 0.000000
Setting global connections for newly added cells...
Writing OpenROAD database to /home/mm4uz/asic/gf180-shuttle-0/submission/gf180-mul-8-seq/openlane/wrapped_multiplier_8/runs/22_12_05_14_45/tmp/placement/7-global.odb...
Writing layout to /home/mm4uz/asic/gf180-shuttle-0/submission/gf180-mul-8-seq/openlane/wrapped_multiplier_8/runs/22_12_05_14_45/tmp/placement/7-global.def...
[INFO]: Setting RC values...
min_report

===========================================================================
report_checks -path_delay min (Hold)
============================================================================
No paths found.
min_report_end
max_report

===========================================================================
report_checks -path_delay max (Setup)
============================================================================
No paths found.
max_report_end
check_report

===========================================================================
report_checks -unconstrained
============================================================================
No paths found.

===========================================================================
report_checks --slack_max -0.01
============================================================================
No paths found.
check_report_end
check_slew

===========================================================================
 report_check_types -max_slew -max_cap -max_fanout -violators
============================================================================

===========================================================================
max slew violation count 0
max fanout violation count 0
max cap violation count 0
============================================================================
check_slew_end
tns_report

===========================================================================
 report_tns
============================================================================
tns 0.00
tns_report_end
wns_report

===========================================================================
 report_wns
============================================================================
wns 0.00
wns_report_end
worst_slack

===========================================================================
 report_worst_slack -max (Setup)
============================================================================
worst slack INF

===========================================================================
 report_worst_slack -min (Hold)
============================================================================
worst slack INF
worst_slack_end
clock_skew

===========================================================================
 report_clock_skew
============================================================================
Clock wb_clk_i
No launch/capture paths found.

clock_skew_end
power_report

===========================================================================
 report_power
============================================================================
Group                  Internal  Switching    Leakage      Total
                          Power      Power      Power      Power (Watts)
----------------------------------------------------------------
Sequential             0.00e+00   0.00e+00   0.00e+00   0.00e+00   0.0%
Combinational          0.00e+00   0.00e+00   3.51e-08   3.51e-08 100.0%
Macro                  0.00e+00   0.00e+00   0.00e+00   0.00e+00   0.0%
Pad                    0.00e+00   0.00e+00   0.00e+00   0.00e+00   0.0%
----------------------------------------------------------------
Total                  0.00e+00   0.00e+00   3.51e-08   3.51e-08 100.0%
                           0.0%       0.0%     100.0%
power_report_end
area_report

===========================================================================
 report_design_area
============================================================================
Design area 3416 u^2 4% utilization.
area_report_end
Setting global connections for newly added cells...
Writing OpenROAD database to /home/mm4uz/asic/gf180-shuttle-0/submission/gf180-mul-8-seq/openlane/wrapped_multiplier_8/runs/22_12_05_14_45/tmp/placement/7-global.odb...
Writing layout to /home/mm4uz/asic/gf180-shuttle-0/submission/gf180-mul-8-seq/openlane/wrapped_multiplier_8/runs/22_12_05_14_45/tmp/placement/7-global.def...
