OpenROAD 7c85c140308f01b73f57ea1117f3e43f39abd437 
This program is licensed under the BSD-3 license. See the LICENSE file for details.
Components of this program may be licensed under more restrictive licenses which must be honored.
Placement Analysis
---------------------------------
total displacement          0.0 u
average displacement        0.0 u
max displacement            0.0 u
original HPWL            1121.7 u
legalized HPWL           1155.5 u
delta HPWL                    3 %

[INFO DPL-0020] Mirrored 59 instances
[INFO DPL-0021] HPWL before            1155.5 u
[INFO DPL-0022] HPWL after             1121.7 u
[INFO DPL-0023] HPWL delta               -2.9 %
Setting global connections for newly added cells...
Writing OpenROAD database to /home/mm4uz/asic/gf180-shuttle-0/submission/gf180-mul-8-seq/openlane/wrapped_multiplier_8/runs/22_12_05_14_45/results/placement/wrapped_multiplier_8.odb...
Writing netlist to /home/mm4uz/asic/gf180-shuttle-0/submission/gf180-mul-8-seq/openlane/wrapped_multiplier_8/runs/22_12_05_14_45/results/placement/wrapped_multiplier_8.nl.v...
Writing powered netlist to /home/mm4uz/asic/gf180-shuttle-0/submission/gf180-mul-8-seq/openlane/wrapped_multiplier_8/runs/22_12_05_14_45/results/placement/wrapped_multiplier_8.pnl.v...
Writing layout to /home/mm4uz/asic/gf180-shuttle-0/submission/gf180-mul-8-seq/openlane/wrapped_multiplier_8/runs/22_12_05_14_45/results/placement/wrapped_multiplier_8.def...
