OpenROAD 7c85c140308f01b73f57ea1117f3e43f39abd437 
This program is licensed under the BSD-3 license. See the LICENSE file for details.
Components of this program may be licensed under more restrictive licenses which must be honored.
[INFO ODB-0222] Reading LEF file: /home/mm4uz/asic/gf180-shuttle-0/submission/gf180-mul-8-seq/openlane/user_project_wrapper/runs/22_12_05_14_46/tmp/merged.nom.lef
[INFO ODB-0223]     Created 13 technology layers
[INFO ODB-0224]     Created 60 technology vias
[INFO ODB-0225]     Created 230 library cells
[INFO ODB-0226] Finished LEF file:  /home/mm4uz/asic/gf180-shuttle-0/submission/gf180-mul-8-seq/openlane/user_project_wrapper/runs/22_12_05_14_46/tmp/merged.nom.lef
Reading netlist...
[WARNING ORD-1011] LEF master wrapped_multiplier_8 has no liberty cell.
[INFO]: Setting output delay to: 2.0
[INFO]: Setting input delay to: 2.0
[INFO]: Setting load to: 0.07291
[INFO]: Setting clock uncertainty to: 0.25
[INFO]: Setting clock transition to: 0.15
[INFO]: Setting timing derate to: 0.5 %
min_report

===========================================================================
report_checks -path_delay min (Hold)
============================================================================
No paths found.
min_report_end
max_report

===========================================================================
report_checks -path_delay max (Setup)
============================================================================
No paths found.
max_report_end
check_report

===========================================================================
report_checks -unconstrained
============================================================================
Startpoint: io_in[0] (input port clocked by user_clock2)
Endpoint: wrapped_multiplier_8_1/io_in[0] (internal pin)
Path Group: (none)
Path Type: max

Fanout     Cap    Slew   Delay    Time   Description
-----------------------------------------------------------------------------
                          2.00    2.00 ^ input external delay
                  0.05    0.00    2.00 ^ io_in[0] (in)
     1    0.00                           io_in[0] (net)
                  0.05    0.00    2.00 ^ wrapped_multiplier_8_1/io_in[0] (wrapped_multiplier_8)
                                  2.00   data arrival time
-----------------------------------------------------------------------------
(Path is unconstrained)



===========================================================================
report_checks --slack_max -0.01
============================================================================
No paths found.
check_report_end
check_slew

===========================================================================
 report_check_types -max_slew -max_cap -max_fanout -violators
============================================================================

===========================================================================
max slew violation count 0
max fanout violation count 0
max cap violation count 0
============================================================================
check_slew_end
tns_report

===========================================================================
 report_tns
============================================================================
tns 0.00
tns_report_end
wns_report

===========================================================================
 report_wns
============================================================================
wns 0.00
wns_report_end
worst_slack

===========================================================================
 report_worst_slack -max (Setup)
============================================================================
worst slack INF

===========================================================================
 report_worst_slack -min (Hold)
============================================================================
worst slack INF
worst_slack_end
clock_skew

===========================================================================
 report_clock_skew
============================================================================
Clock user_clock2
No launch/capture paths found.

clock_skew_end
power_report

===========================================================================
 report_power
============================================================================
Group                  Internal  Switching    Leakage      Total
                          Power      Power      Power      Power (Watts)
----------------------------------------------------------------
Sequential             0.00e+00   0.00e+00   0.00e+00   0.00e+00   0.0%
Combinational          0.00e+00   0.00e+00   0.00e+00   0.00e+00   0.0%
Macro                  0.00e+00   0.00e+00   0.00e+00   0.00e+00   0.0%
Pad                    0.00e+00   0.00e+00   0.00e+00   0.00e+00   0.0%
----------------------------------------------------------------
Total                  0.00e+00   0.00e+00   0.00e+00   0.00e+00   0.0%
                           0.0%       0.0%       0.0%
power_report_end
area_report

===========================================================================
 report_design_area
============================================================================
Design area 90000 u^2 100% utilization.
area_report_end
[WARNING] Did not save OpenROAD database!
Writing SDF to /home/mm4uz/asic/gf180-shuttle-0/submission/gf180-mul-8-seq/openlane/user_project_wrapper/runs/22_12_05_14_46/results/synthesis/user_project_wrapper.sdf...
