
===========================================================================
 report_check_types -max_slew -max_cap -max_fanout -violators
============================================================================
max slew

Pin                                    Limit    Slew   Slack
------------------------------------------------------------
io_in[14]                               4.00    8.88   -4.88 (VIOLATED)
io_in[16]                               4.00    6.19   -2.19 (VIOLATED)
io_in[15]                               4.00    5.93   -1.93 (VIOLATED)
io_in[13]                               4.00    5.69   -1.69 (VIOLATED)
io_in[36]                               4.00    5.20   -1.20 (VIOLATED)
io_in[11]                               4.00    5.20   -1.20 (VIOLATED)
wb_rst_i                                4.00    4.95   -0.95 (VIOLATED)
io_in[12]                               4.00    4.63   -0.63 (VIOLATED)
io_in[0]                                4.00    4.60   -0.60 (VIOLATED)
io_in[29]                               4.00    4.48   -0.48 (VIOLATED)
io_in[1]                                4.00    4.33   -0.33 (VIOLATED)
wb_clk_i                                4.00    4.12   -0.12 (VIOLATED)
io_in[28]                               4.00    4.09   -0.09 (VIOLATED)
io_in[27]                               4.00    4.05   -0.05 (VIOLATED)
io_in[30]                               4.00    4.04   -0.04 (VIOLATED)
io_in[24]                               4.00    4.01   -0.01 (VIOLATED)

max capacitance

Pin                                    Limit     Cap   Slack
------------------------------------------------------------
io_in[14]                               0.23    0.56   -0.33 (VIOLATED)
io_in[16]                               0.23    0.39   -0.16 (VIOLATED)
io_in[15]                               0.23    0.37   -0.14 (VIOLATED)
io_in[13]                               0.23    0.36   -0.13 (VIOLATED)
io_in[11]                               0.23    0.33   -0.10 (VIOLATED)
io_in[36]                               0.23    0.33   -0.10 (VIOLATED)
wb_rst_i                                0.23    0.31   -0.08 (VIOLATED)
io_in[12]                               0.23    0.29   -0.06 (VIOLATED)
io_in[0]                                0.23    0.29   -0.06 (VIOLATED)
io_in[29]                               0.23    0.28   -0.05 (VIOLATED)
io_in[1]                                0.23    0.27   -0.04 (VIOLATED)
wb_clk_i                                0.23    0.26   -0.03 (VIOLATED)
io_in[28]                               0.23    0.26   -0.02 (VIOLATED)
io_in[27]                               0.23    0.25   -0.02 (VIOLATED)
io_in[30]                               0.23    0.25   -0.02 (VIOLATED)
io_in[24]                               0.23    0.25   -0.02 (VIOLATED)
io_in[3]                                0.23    0.25   -0.02 (VIOLATED)
io_in[37]                               0.23    0.24   -0.01 (VIOLATED)
io_in[7]                                0.23    0.24   -0.01 (VIOLATED)
io_in[2]                                0.23    0.24   -0.01 (VIOLATED)
io_in[9]                                0.23    0.24   -0.01 (VIOLATED)


===========================================================================
max slew violation count 16
max fanout violation count 0
max cap violation count 21
============================================================================
