OpenROAD 7c85c140308f01b73f57ea1117f3e43f39abd437 
This program is licensed under the BSD-3 license. See the LICENSE file for details.
Components of this program may be licensed under more restrictive licenses which must be honored.
[INFO PDN-0001] Inserting grid: stdcell_grid
[WARNING PSM-0016] Voltage pad location (VSRC) file not specified, defaulting pad location to checkerboard pattern on core area.
[WARNING PSM-0017] X direction bump pitch is not specified, defaulting to 140um.
[WARNING PSM-0018] Y direction bump pitch is not specified, defaulting to 140um.
[WARNING PSM-0019] Voltage on net vdd is not explicitly set.
[WARNING PSM-0022] Using voltage 0.000V for VDD network.
[WARNING PSM-0065] VSRC location not specified, using default checkerboard pattern with one VDD every size bumps in x-direction and one in two bumps in the y-direction
[INFO PSM-0076] Setting metal node density to be standard cell height times 5.
[WARNING PSM-0030] VSRC location at (79.800um, 148.960um) and size 10.000um, is not located on an existing power stripe node. Moving to closest node at (23.040um, 145.040um).
[INFO PSM-0031] Number of PDN nodes on net vdd = 752.
[INFO PSM-0064] Number of voltage sources = 1.
[INFO PSM-0040] All PDN stripes on net vdd are connected.
[WARNING PSM-0016] Voltage pad location (VSRC) file not specified, defaulting pad location to checkerboard pattern on core area.
[WARNING PSM-0017] X direction bump pitch is not specified, defaulting to 140um.
[WARNING PSM-0018] Y direction bump pitch is not specified, defaulting to 140um.
[WARNING PSM-0019] Voltage on net vss is not explicitly set.
[WARNING PSM-0021] Using voltage 0.000V for ground network.
[WARNING PSM-0065] VSRC location not specified, using default checkerboard pattern with one VDD every size bumps in x-direction and one in two bumps in the y-direction
[INFO PSM-0076] Setting metal node density to be standard cell height times 5.
[WARNING PSM-0030] VSRC location at (79.800um, 148.960um) and size 10.000um, is not located on an existing power stripe node. Moving to closest node at (99.840um, 148.960um).
[INFO PSM-0031] Number of PDN nodes on net vss = 809.
[INFO PSM-0064] Number of voltage sources = 1.
[INFO PSM-0040] All PDN stripes on net vss are connected.
Setting global connections for newly added cells...
Writing OpenROAD database to /home/mm4uz/asic/gf180-shuttle-0/submission/gf180-mul-8-seq/openlane/wrapped_multiplier_8/runs/22_12_05_14_45/tmp/floorplan/6-pdn.odb...
Writing layout to /home/mm4uz/asic/gf180-shuttle-0/submission/gf180-mul-8-seq/openlane/wrapped_multiplier_8/runs/22_12_05_14_45/tmp/floorplan/6-pdn.def...
