OpenROAD 7c85c140308f01b73f57ea1117f3e43f39abd437 
This program is licensed under the BSD-3 license. See the LICENSE file for details.
Components of this program may be licensed under more restrictive licenses which must be honored.
[INFO ODB-0222] Reading LEF file: /home/mm4uz/asic/gf180-shuttle-0/submission/gf180-mul-8-seq/openlane/user_project_wrapper/runs/22_12_05_14_46/tmp/merged.nom.lef
[INFO ODB-0223]     Created 13 technology layers
[INFO ODB-0224]     Created 60 technology vias
[INFO ODB-0225]     Created 230 library cells
[INFO ODB-0226] Finished LEF file:  /home/mm4uz/asic/gf180-shuttle-0/submission/gf180-mul-8-seq/openlane/user_project_wrapper/runs/22_12_05_14_46/tmp/merged.nom.lef
[INFO ODB-0127] Reading DEF file: /home/mm4uz/asic/gf180-shuttle-0/submission/gf180-mul-8-seq/openlane/user_project_wrapper/runs/22_12_05_14_46/results/routing/user_project_wrapper.def
[INFO ODB-0128] Design: user_project_wrapper
[INFO ODB-0130]     Created 418 pins.
[INFO ODB-0131]     Created 1 components and 118 component-terminals.
[INFO ODB-0132]     Created 2 special nets and 2 connections.
[INFO ODB-0133]     Created 416 nets and 116 connections.
[INFO ODB-0134] Finished DEF file: /home/mm4uz/asic/gf180-shuttle-0/submission/gf180-mul-8-seq/openlane/user_project_wrapper/runs/22_12_05_14_46/results/routing/user_project_wrapper.def
Using RCX ruleset '/localtmp/asic/gf180/pdk//gf180mcuC/libs.tech/openlane/rules.openrcx.gf180mcuC.nom'...
[INFO RCX-0431] Defined process_corner X with ext_model_index 0
[INFO RCX-0029] Defined extraction corner X
[INFO RCX-0008] extracting parasitics of user_project_wrapper ...
[INFO RCX-0435] Reading extraction model file /localtmp/asic/gf180/pdk//gf180mcuC/libs.tech/openlane/rules.openrcx.gf180mcuC.nom ...
[INFO RCX-0436] RC segment generation user_project_wrapper (max_merge_res 50.0) ...
[INFO RCX-0040] Final 612 rc segments
[INFO RCX-0439] Coupling Cap extraction user_project_wrapper ...
[INFO RCX-0440] Coupling threshhold is 0.1000 fF, coupling capacitance less than 0.1000 fF will be grounded.
[INFO RCX-0043] 878 wires to be extracted
[INFO RCX-0442] 6% completion -- 59 wires have been extracted
[INFO RCX-0442] 13% completion -- 118 wires have been extracted
[INFO RCX-0442] 21% completion -- 185 wires have been extracted
[INFO RCX-0442] 39% completion -- 351 wires have been extracted
[INFO RCX-0442] 50% completion -- 444 wires have been extracted
[INFO RCX-0442] 62% completion -- 547 wires have been extracted
[INFO RCX-0442] 85% completion -- 749 wires have been extracted
[INFO RCX-0442] 100% completion -- 878 wires have been extracted
[INFO RCX-0045] Extract 416 nets, 728 rsegs, 728 caps, 179 ccs
[INFO RCX-0015] Finished extracting user_project_wrapper.
Writing result to /home/mm4uz/asic/gf180-shuttle-0/submission/gf180-mul-8-seq/openlane/user_project_wrapper/runs/22_12_05_14_46/results/routing/mca/process_corner_nom/user_project_wrapper.spef...
Setting global connections for newly added cells...
[WARNING] Did not save OpenROAD database!
Writing extracted parasitics to /home/mm4uz/asic/gf180-shuttle-0/submission/gf180-mul-8-seq/openlane/user_project_wrapper/runs/22_12_05_14_46/results/routing/mca/process_corner_nom/user_project_wrapper.spef...
[INFO RCX-0016] Writing SPEF ...
[INFO RCX-0443] 416 nets finished
[INFO RCX-0017] Finished writing SPEF ...
