Netgen 1.5.242 compiled on Wed Nov 16 22:54:20 UTC 2022
Warning: netgen command 'format' use fully-qualified name '::netgen::format'
Warning: netgen command 'global' use fully-qualified name '::netgen::global'
Generating JSON file result
Reading netlist file /home/mm4uz/asic/gf180-shuttle-0/submission/gf180-mul-8-seq/openlane/user_project_wrapper/runs/22_12_05_14_46/results/signoff/user_project_wrapper.spice
Reading netlist file /home/mm4uz/asic/gf180-shuttle-0/submission/gf180-mul-8-seq/openlane/user_project_wrapper/runs/22_12_05_14_46/tmp/signoff/19-user_project_wrapper.pnl.v
Warning:  A case-insensitive file has been read and so the	verilog file must be treated case-insensitive to match.
Creating placeholder cell definition for module wrapped_multiplier_8.
Reading setup file /localtmp/asic/gf180/pdk//gf180mcuC/libs.tech/netgen/gf180mcuC_setup.tcl
Comparison output logged to file /home/mm4uz/asic/gf180-shuttle-0/submission/gf180-mul-8-seq/openlane/user_project_wrapper/runs/22_12_05_14_46/logs/signoff/22-user_project_wrapper.lef.lvs.log
Logging to file "/home/mm4uz/asic/gf180-shuttle-0/submission/gf180-mul-8-seq/openlane/user_project_wrapper/runs/22_12_05_14_46/logs/signoff/22-user_project_wrapper.lef.lvs.log" enabled

Contents of circuit 1:  Circuit: 'wrapped_multiplier_8'
Circuit wrapped_multiplier_8 contains 0 device instances.
Circuit contains 0 nets, and 118 disconnected pins.
Contents of circuit 2:  Circuit: 'wrapped_multiplier_8'
Circuit wrapped_multiplier_8 contains 0 device instances.
Circuit contains 0 nets.

Circuit wrapped_multiplier_8 contains no devices.

Contents of circuit 1:  Circuit: 'user_project_wrapper'
Circuit user_project_wrapper contains 1 device instances.
  Class: wrapped_multiplier_8  instances:   1
Circuit contains 118 nets, and 300 disconnected pins.
Contents of circuit 2:  Circuit: 'user_project_wrapper'
Circuit user_project_wrapper contains 1 device instances.
  Class: wrapped_multiplier_8  instances:   1
Circuit contains 118 nets, and 300 disconnected pins.

Circuit 1 contains 1 devices, Circuit 2 contains 1 devices.
Circuit 1 contains 118 nets,    Circuit 2 contains 118 nets.


Final result: 
Circuits match uniquely.
.
Logging to file "/home/mm4uz/asic/gf180-shuttle-0/submission/gf180-mul-8-seq/openlane/user_project_wrapper/runs/22_12_05_14_46/logs/signoff/22-user_project_wrapper.lef.lvs.log" disabled
LVS Done.
