
===========================================================================
report_checks -unconstrained
============================================================================
Startpoint: io_in[0] (input port clocked by user_clock2)
Endpoint: wrapped_multiplier_8_1/io_in[0] (internal pin)
Path Group: (none)
Path Type: max

Fanout     Cap    Slew   Delay    Time   Description
-----------------------------------------------------------------------------
                          2.00    2.00 ^ input external delay
                  0.05    0.00    2.00 ^ io_in[0] (in)
     1    0.00                           io_in[0] (net)
                  0.05    0.00    2.00 ^ wrapped_multiplier_8_1/io_in[0] (wrapped_multiplier_8)
                                  2.00   data arrival time
-----------------------------------------------------------------------------
(Path is unconstrained)



===========================================================================
report_checks --slack_max -0.01
============================================================================
No paths found.
